/clock
/clock/tick[0]
/classes
/Msgs
/Msgs/singleMsg[0]
/Msgs/oneToOneMsg[0]
/Msgs/oneToAllMsg[0]
/Msgs/diagonalMsg[0]
/Msgs/sparseMsg[0]
/Msgs/ReduceMsg[0]
/classes/Adaptor
/classes/Adaptor/srcFinfo[0]
/classes/Adaptor/destFinfo[0]
/classes/Adaptor/valueFinfo[0]
/classes/Adaptor/lookupFinfo[0]
/classes/Adaptor/sharedFinfo[0]
/classes/Adaptor/fieldElementFinfo[0]
/classes/Annotator
/classes/Annotator/srcFinfo[0]
/classes/Annotator/destFinfo[0]
/classes/Annotator/valueFinfo[0]
/classes/Annotator/lookupFinfo[0]
/classes/Annotator/sharedFinfo[0]
/classes/Annotator/fieldElementFinfo[0]
/classes/Arith
/classes/Arith/srcFinfo[0]
/classes/Arith/destFinfo[0]
/classes/Arith/valueFinfo[0]
/classes/Arith/lookupFinfo[0]
/classes/Arith/sharedFinfo[0]
/classes/Arith/fieldElementFinfo[0]
/classes/Boundary
/classes/Boundary/srcFinfo[0]
/classes/Boundary/destFinfo[0]
/classes/Boundary/valueFinfo[0]
/classes/Boundary/lookupFinfo[0]
/classes/Boundary/sharedFinfo[0]
/classes/Boundary/fieldElementFinfo[0]
/classes/BufPool
/classes/BufPool/srcFinfo[0]
/classes/BufPool/destFinfo[0]
/classes/BufPool/valueFinfo[0]
/classes/BufPool/lookupFinfo[0]
/classes/BufPool/sharedFinfo[0]
/classes/BufPool/fieldElementFinfo[0]
/classes/CaConc
/classes/CaConc/srcFinfo[0]
/classes/CaConc/destFinfo[0]
/classes/CaConc/valueFinfo[0]
/classes/CaConc/lookupFinfo[0]
/classes/CaConc/sharedFinfo[0]
/classes/CaConc/fieldElementFinfo[0]
/classes/ChanBase
/classes/ChanBase/srcFinfo[0]
/classes/ChanBase/destFinfo[0]
/classes/ChanBase/valueFinfo[0]
/classes/ChanBase/lookupFinfo[0]
/classes/ChanBase/sharedFinfo[0]
/classes/ChanBase/fieldElementFinfo[0]
/classes/ChemCompt
/classes/ChemCompt/srcFinfo[0]
/classes/ChemCompt/destFinfo[0]
/classes/ChemCompt/valueFinfo[0]
/classes/ChemCompt/lookupFinfo[0]
/classes/ChemCompt/sharedFinfo[0]
/classes/ChemCompt/fieldElementFinfo[0]
/classes/Cinfo
/classes/Cinfo/srcFinfo[0]
/classes/Cinfo/destFinfo[0]
/classes/Cinfo/valueFinfo[0]
/classes/Cinfo/lookupFinfo[0]
/classes/Cinfo/sharedFinfo[0]
/classes/Cinfo/fieldElementFinfo[0]
/classes/Clock
/classes/Clock/srcFinfo[0]
/classes/Clock/destFinfo[0]
/classes/Clock/valueFinfo[0]
/classes/Clock/lookupFinfo[0]
/classes/Clock/sharedFinfo[0]
/classes/Clock/fieldElementFinfo[0]
/classes/Compartment
/classes/Compartment/srcFinfo[0]
/classes/Compartment/destFinfo[0]
/classes/Compartment/valueFinfo[0]
/classes/Compartment/lookupFinfo[0]
/classes/Compartment/sharedFinfo[0]
/classes/Compartment/fieldElementFinfo[0]
/classes/CplxEnzBase
/classes/CplxEnzBase/srcFinfo[0]
/classes/CplxEnzBase/destFinfo[0]
/classes/CplxEnzBase/valueFinfo[0]
/classes/CplxEnzBase/lookupFinfo[0]
/classes/CplxEnzBase/sharedFinfo[0]
/classes/CplxEnzBase/fieldElementFinfo[0]
/classes/CubeMesh
/classes/CubeMesh/srcFinfo[0]
/classes/CubeMesh/destFinfo[0]
/classes/CubeMesh/valueFinfo[0]
/classes/CubeMesh/lookupFinfo[0]
/classes/CubeMesh/sharedFinfo[0]
/classes/CubeMesh/fieldElementFinfo[0]
/classes/CylMesh
/classes/CylMesh/srcFinfo[0]
/classes/CylMesh/destFinfo[0]
/classes/CylMesh/valueFinfo[0]
/classes/CylMesh/lookupFinfo[0]
/classes/CylMesh/sharedFinfo[0]
/classes/CylMesh/fieldElementFinfo[0]
/classes/CylPanel
/classes/CylPanel/srcFinfo[0]
/classes/CylPanel/destFinfo[0]
/classes/CylPanel/valueFinfo[0]
/classes/CylPanel/lookupFinfo[0]
/classes/CylPanel/sharedFinfo[0]
/classes/CylPanel/fieldElementFinfo[0]
/classes/DiagonalMsg
/classes/DiagonalMsg/srcFinfo[0]
/classes/DiagonalMsg/destFinfo[0]
/classes/DiagonalMsg/valueFinfo[0]
/classes/DiagonalMsg/lookupFinfo[0]
/classes/DiagonalMsg/sharedFinfo[0]
/classes/DiagonalMsg/fieldElementFinfo[0]
/classes/DiffAmp
/classes/DiffAmp/srcFinfo[0]
/classes/DiffAmp/destFinfo[0]
/classes/DiffAmp/valueFinfo[0]
/classes/DiffAmp/lookupFinfo[0]
/classes/DiffAmp/sharedFinfo[0]
/classes/DiffAmp/fieldElementFinfo[0]
/classes/DiskPanel
/classes/DiskPanel/srcFinfo[0]
/classes/DiskPanel/destFinfo[0]
/classes/DiskPanel/valueFinfo[0]
/classes/DiskPanel/lookupFinfo[0]
/classes/DiskPanel/sharedFinfo[0]
/classes/DiskPanel/fieldElementFinfo[0]
/classes/Enz
/classes/Enz/srcFinfo[0]
/classes/Enz/destFinfo[0]
/classes/Enz/valueFinfo[0]
/classes/Enz/lookupFinfo[0]
/classes/Enz/sharedFinfo[0]
/classes/Enz/fieldElementFinfo[0]
/classes/EnzBase
/classes/EnzBase/srcFinfo[0]
/classes/EnzBase/destFinfo[0]
/classes/EnzBase/valueFinfo[0]
/classes/EnzBase/lookupFinfo[0]
/classes/EnzBase/sharedFinfo[0]
/classes/EnzBase/fieldElementFinfo[0]
/classes/Finfo
/classes/Finfo/srcFinfo[0]
/classes/Finfo/destFinfo[0]
/classes/Finfo/valueFinfo[0]
/classes/Finfo/lookupFinfo[0]
/classes/Finfo/sharedFinfo[0]
/classes/Finfo/fieldElementFinfo[0]
/classes/Func
/classes/Func/srcFinfo[0]
/classes/Func/destFinfo[0]
/classes/Func/valueFinfo[0]
/classes/Func/lookupFinfo[0]
/classes/Func/sharedFinfo[0]
/classes/Func/fieldElementFinfo[0]
/classes/FuncBase
/classes/FuncBase/srcFinfo[0]
/classes/FuncBase/destFinfo[0]
/classes/FuncBase/valueFinfo[0]
/classes/FuncBase/lookupFinfo[0]
/classes/FuncBase/sharedFinfo[0]
/classes/FuncBase/fieldElementFinfo[0]
/classes/FuncPool
/classes/FuncPool/srcFinfo[0]
/classes/FuncPool/destFinfo[0]
/classes/FuncPool/valueFinfo[0]
/classes/FuncPool/lookupFinfo[0]
/classes/FuncPool/sharedFinfo[0]
/classes/FuncPool/fieldElementFinfo[0]
/classes/GHK
/classes/GHK/srcFinfo[0]
/classes/GHK/destFinfo[0]
/classes/GHK/valueFinfo[0]
/classes/GHK/lookupFinfo[0]
/classes/GHK/sharedFinfo[0]
/classes/GHK/fieldElementFinfo[0]
/classes/GapJunction
/classes/GapJunction/srcFinfo[0]
/classes/GapJunction/destFinfo[0]
/classes/GapJunction/valueFinfo[0]
/classes/GapJunction/lookupFinfo[0]
/classes/GapJunction/sharedFinfo[0]
/classes/GapJunction/fieldElementFinfo[0]
/classes/Geometry
/classes/Geometry/srcFinfo[0]
/classes/Geometry/destFinfo[0]
/classes/Geometry/valueFinfo[0]
/classes/Geometry/lookupFinfo[0]
/classes/Geometry/sharedFinfo[0]
/classes/Geometry/fieldElementFinfo[0]
/classes/Group
/classes/Group/srcFinfo[0]
/classes/Group/destFinfo[0]
/classes/Group/valueFinfo[0]
/classes/Group/lookupFinfo[0]
/classes/Group/sharedFinfo[0]
/classes/Group/fieldElementFinfo[0]
/classes/GslIntegrator
/classes/GslIntegrator/srcFinfo[0]
/classes/GslIntegrator/destFinfo[0]
/classes/GslIntegrator/valueFinfo[0]
/classes/GslIntegrator/lookupFinfo[0]
/classes/GslIntegrator/sharedFinfo[0]
/classes/GslIntegrator/fieldElementFinfo[0]
/classes/GslStoich
/classes/GslStoich/srcFinfo[0]
/classes/GslStoich/destFinfo[0]
/classes/GslStoich/valueFinfo[0]
/classes/GslStoich/lookupFinfo[0]
/classes/GslStoich/sharedFinfo[0]
/classes/GslStoich/fieldElementFinfo[0]
/classes/GssaStoich
/classes/GssaStoich/srcFinfo[0]
/classes/GssaStoich/destFinfo[0]
/classes/GssaStoich/valueFinfo[0]
/classes/GssaStoich/lookupFinfo[0]
/classes/GssaStoich/sharedFinfo[0]
/classes/GssaStoich/fieldElementFinfo[0]
/classes/HDF5DataWriter
/classes/HDF5DataWriter/srcFinfo[0]
/classes/HDF5DataWriter/destFinfo[0]
/classes/HDF5DataWriter/valueFinfo[0]
/classes/HDF5DataWriter/lookupFinfo[0]
/classes/HDF5DataWriter/sharedFinfo[0]
/classes/HDF5DataWriter/fieldElementFinfo[0]
/classes/HDF5WriterBase
/classes/HDF5WriterBase/srcFinfo[0]
/classes/HDF5WriterBase/destFinfo[0]
/classes/HDF5WriterBase/valueFinfo[0]
/classes/HDF5WriterBase/lookupFinfo[0]
/classes/HDF5WriterBase/sharedFinfo[0]
/classes/HDF5WriterBase/fieldElementFinfo[0]
/classes/HHChannel
/classes/HHChannel/srcFinfo[0]
/classes/HHChannel/destFinfo[0]
/classes/HHChannel/valueFinfo[0]
/classes/HHChannel/lookupFinfo[0]
/classes/HHChannel/sharedFinfo[0]
/classes/HHChannel/fieldElementFinfo[0]
/classes/HHChannel2D
/classes/HHChannel2D/srcFinfo[0]
/classes/HHChannel2D/destFinfo[0]
/classes/HHChannel2D/valueFinfo[0]
/classes/HHChannel2D/lookupFinfo[0]
/classes/HHChannel2D/sharedFinfo[0]
/classes/HHChannel2D/fieldElementFinfo[0]
/classes/HHGate
/classes/HHGate/srcFinfo[0]
/classes/HHGate/destFinfo[0]
/classes/HHGate/valueFinfo[0]
/classes/HHGate/lookupFinfo[0]
/classes/HHGate/sharedFinfo[0]
/classes/HHGate/fieldElementFinfo[0]
/classes/HHGate2D
/classes/HHGate2D/srcFinfo[0]
/classes/HHGate2D/destFinfo[0]
/classes/HHGate2D/valueFinfo[0]
/classes/HHGate2D/lookupFinfo[0]
/classes/HHGate2D/sharedFinfo[0]
/classes/HHGate2D/fieldElementFinfo[0]
/classes/HSolve
/classes/HSolve/srcFinfo[0]
/classes/HSolve/destFinfo[0]
/classes/HSolve/valueFinfo[0]
/classes/HSolve/lookupFinfo[0]
/classes/HSolve/sharedFinfo[0]
/classes/HSolve/fieldElementFinfo[0]
/classes/HemispherePanel
/classes/HemispherePanel/srcFinfo[0]
/classes/HemispherePanel/destFinfo[0]
/classes/HemispherePanel/valueFinfo[0]
/classes/HemispherePanel/lookupFinfo[0]
/classes/HemispherePanel/sharedFinfo[0]
/classes/HemispherePanel/fieldElementFinfo[0]
/classes/IntFire
/classes/IntFire/srcFinfo[0]
/classes/IntFire/destFinfo[0]
/classes/IntFire/valueFinfo[0]
/classes/IntFire/lookupFinfo[0]
/classes/IntFire/sharedFinfo[0]
/classes/IntFire/fieldElementFinfo[0]
/classes/Interpol2D
/classes/Interpol2D/srcFinfo[0]
/classes/Interpol2D/destFinfo[0]
/classes/Interpol2D/valueFinfo[0]
/classes/Interpol2D/lookupFinfo[0]
/classes/Interpol2D/sharedFinfo[0]
/classes/Interpol2D/fieldElementFinfo[0]
/classes/IzhikevichNrn
/classes/IzhikevichNrn/srcFinfo[0]
/classes/IzhikevichNrn/destFinfo[0]
/classes/IzhikevichNrn/valueFinfo[0]
/classes/IzhikevichNrn/lookupFinfo[0]
/classes/IzhikevichNrn/sharedFinfo[0]
/classes/IzhikevichNrn/fieldElementFinfo[0]
/classes/LeakyIaF
/classes/LeakyIaF/srcFinfo[0]
/classes/LeakyIaF/destFinfo[0]
/classes/LeakyIaF/valueFinfo[0]
/classes/LeakyIaF/lookupFinfo[0]
/classes/LeakyIaF/sharedFinfo[0]
/classes/LeakyIaF/fieldElementFinfo[0]
/classes/MMenz
/classes/MMenz/srcFinfo[0]
/classes/MMenz/destFinfo[0]
/classes/MMenz/valueFinfo[0]
/classes/MMenz/lookupFinfo[0]
/classes/MMenz/sharedFinfo[0]
/classes/MMenz/fieldElementFinfo[0]
/classes/MarkovChannel
/classes/MarkovChannel/srcFinfo[0]
/classes/MarkovChannel/destFinfo[0]
/classes/MarkovChannel/valueFinfo[0]
/classes/MarkovChannel/lookupFinfo[0]
/classes/MarkovChannel/sharedFinfo[0]
/classes/MarkovChannel/fieldElementFinfo[0]
/classes/MarkovGslSolver
/classes/MarkovGslSolver/srcFinfo[0]
/classes/MarkovGslSolver/destFinfo[0]
/classes/MarkovGslSolver/valueFinfo[0]
/classes/MarkovGslSolver/lookupFinfo[0]
/classes/MarkovGslSolver/sharedFinfo[0]
/classes/MarkovGslSolver/fieldElementFinfo[0]
/classes/MarkovRateTable
/classes/MarkovRateTable/srcFinfo[0]
/classes/MarkovRateTable/destFinfo[0]
/classes/MarkovRateTable/valueFinfo[0]
/classes/MarkovRateTable/lookupFinfo[0]
/classes/MarkovRateTable/sharedFinfo[0]
/classes/MarkovRateTable/fieldElementFinfo[0]
/classes/MarkovSolver
/classes/MarkovSolver/srcFinfo[0]
/classes/MarkovSolver/destFinfo[0]
/classes/MarkovSolver/valueFinfo[0]
/classes/MarkovSolver/lookupFinfo[0]
/classes/MarkovSolver/sharedFinfo[0]
/classes/MarkovSolver/fieldElementFinfo[0]
/classes/MarkovSolverBase
/classes/MarkovSolverBase/srcFinfo[0]
/classes/MarkovSolverBase/destFinfo[0]
/classes/MarkovSolverBase/valueFinfo[0]
/classes/MarkovSolverBase/lookupFinfo[0]
/classes/MarkovSolverBase/sharedFinfo[0]
/classes/MarkovSolverBase/fieldElementFinfo[0]
/classes/MathFunc
/classes/MathFunc/srcFinfo[0]
/classes/MathFunc/destFinfo[0]
/classes/MathFunc/valueFinfo[0]
/classes/MathFunc/lookupFinfo[0]
/classes/MathFunc/sharedFinfo[0]
/classes/MathFunc/fieldElementFinfo[0]
/classes/Mdouble
/classes/Mdouble/srcFinfo[0]
/classes/Mdouble/destFinfo[0]
/classes/Mdouble/valueFinfo[0]
/classes/Mdouble/lookupFinfo[0]
/classes/Mdouble/sharedFinfo[0]
/classes/Mdouble/fieldElementFinfo[0]
/classes/MeshEntry
/classes/MeshEntry/srcFinfo[0]
/classes/MeshEntry/destFinfo[0]
/classes/MeshEntry/valueFinfo[0]
/classes/MeshEntry/lookupFinfo[0]
/classes/MeshEntry/sharedFinfo[0]
/classes/MeshEntry/fieldElementFinfo[0]
/classes/MgBlock
/classes/MgBlock/srcFinfo[0]
/classes/MgBlock/destFinfo[0]
/classes/MgBlock/valueFinfo[0]
/classes/MgBlock/lookupFinfo[0]
/classes/MgBlock/sharedFinfo[0]
/classes/MgBlock/fieldElementFinfo[0]
/classes/Msg
/classes/Msg/srcFinfo[0]
/classes/Msg/destFinfo[0]
/classes/Msg/valueFinfo[0]
/classes/Msg/lookupFinfo[0]
/classes/Msg/sharedFinfo[0]
/classes/Msg/fieldElementFinfo[0]
/classes/Mstring
/classes/Mstring/srcFinfo[0]
/classes/Mstring/destFinfo[0]
/classes/Mstring/valueFinfo[0]
/classes/Mstring/lookupFinfo[0]
/classes/Mstring/sharedFinfo[0]
/classes/Mstring/fieldElementFinfo[0]
/classes/NMDAChan
/classes/NMDAChan/srcFinfo[0]
/classes/NMDAChan/destFinfo[0]
/classes/NMDAChan/valueFinfo[0]
/classes/NMDAChan/lookupFinfo[0]
/classes/NMDAChan/sharedFinfo[0]
/classes/NMDAChan/fieldElementFinfo[0]
/classes/Nernst
/classes/Nernst/srcFinfo[0]
/classes/Nernst/destFinfo[0]
/classes/Nernst/valueFinfo[0]
/classes/Nernst/lookupFinfo[0]
/classes/Nernst/sharedFinfo[0]
/classes/Nernst/fieldElementFinfo[0]
/classes/NeuroMesh
/classes/NeuroMesh/srcFinfo[0]
/classes/NeuroMesh/destFinfo[0]
/classes/NeuroMesh/valueFinfo[0]
/classes/NeuroMesh/lookupFinfo[0]
/classes/NeuroMesh/sharedFinfo[0]
/classes/NeuroMesh/fieldElementFinfo[0]
/classes/Neuron
/classes/Neuron/srcFinfo[0]
/classes/Neuron/destFinfo[0]
/classes/Neuron/valueFinfo[0]
/classes/Neuron/lookupFinfo[0]
/classes/Neuron/sharedFinfo[0]
/classes/Neuron/fieldElementFinfo[0]
/classes/Neutral
/classes/Neutral/srcFinfo[0]
/classes/Neutral/destFinfo[0]
/classes/Neutral/valueFinfo[0]
/classes/Neutral/lookupFinfo[0]
/classes/Neutral/sharedFinfo[0]
/classes/Neutral/fieldElementFinfo[0]
/classes/OneToAllMsg
/classes/OneToAllMsg/srcFinfo[0]
/classes/OneToAllMsg/destFinfo[0]
/classes/OneToAllMsg/valueFinfo[0]
/classes/OneToAllMsg/lookupFinfo[0]
/classes/OneToAllMsg/sharedFinfo[0]
/classes/OneToAllMsg/fieldElementFinfo[0]
/classes/OneToOneMsg
/classes/OneToOneMsg/srcFinfo[0]
/classes/OneToOneMsg/destFinfo[0]
/classes/OneToOneMsg/valueFinfo[0]
/classes/OneToOneMsg/lookupFinfo[0]
/classes/OneToOneMsg/sharedFinfo[0]
/classes/OneToOneMsg/fieldElementFinfo[0]
/classes/PIDController
/classes/PIDController/srcFinfo[0]
/classes/PIDController/destFinfo[0]
/classes/PIDController/valueFinfo[0]
/classes/PIDController/lookupFinfo[0]
/classes/PIDController/sharedFinfo[0]
/classes/PIDController/fieldElementFinfo[0]
/classes/Panel
/classes/Panel/srcFinfo[0]
/classes/Panel/destFinfo[0]
/classes/Panel/valueFinfo[0]
/classes/Panel/lookupFinfo[0]
/classes/Panel/sharedFinfo[0]
/classes/Panel/fieldElementFinfo[0]
/classes/Pool
/classes/Pool/srcFinfo[0]
/classes/Pool/destFinfo[0]
/classes/Pool/valueFinfo[0]
/classes/Pool/lookupFinfo[0]
/classes/Pool/sharedFinfo[0]
/classes/Pool/fieldElementFinfo[0]
/classes/PoolBase
/classes/PoolBase/srcFinfo[0]
/classes/PoolBase/destFinfo[0]
/classes/PoolBase/valueFinfo[0]
/classes/PoolBase/lookupFinfo[0]
/classes/PoolBase/sharedFinfo[0]
/classes/PoolBase/fieldElementFinfo[0]
/classes/Port
/classes/Port/srcFinfo[0]
/classes/Port/destFinfo[0]
/classes/Port/valueFinfo[0]
/classes/Port/lookupFinfo[0]
/classes/Port/sharedFinfo[0]
/classes/Port/fieldElementFinfo[0]
/classes/PsdMesh
/classes/PsdMesh/srcFinfo[0]
/classes/PsdMesh/destFinfo[0]
/classes/PsdMesh/valueFinfo[0]
/classes/PsdMesh/lookupFinfo[0]
/classes/PsdMesh/sharedFinfo[0]
/classes/PsdMesh/fieldElementFinfo[0]
/classes/PulseGen
/classes/PulseGen/srcFinfo[0]
/classes/PulseGen/destFinfo[0]
/classes/PulseGen/valueFinfo[0]
/classes/PulseGen/lookupFinfo[0]
/classes/PulseGen/sharedFinfo[0]
/classes/PulseGen/fieldElementFinfo[0]
/classes/RC
/classes/RC/srcFinfo[0]
/classes/RC/destFinfo[0]
/classes/RC/valueFinfo[0]
/classes/RC/lookupFinfo[0]
/classes/RC/sharedFinfo[0]
/classes/RC/fieldElementFinfo[0]
/classes/Reac
/classes/Reac/srcFinfo[0]
/classes/Reac/destFinfo[0]
/classes/Reac/valueFinfo[0]
/classes/Reac/lookupFinfo[0]
/classes/Reac/sharedFinfo[0]
/classes/Reac/fieldElementFinfo[0]
/classes/ReacBase
/classes/ReacBase/srcFinfo[0]
/classes/ReacBase/destFinfo[0]
/classes/ReacBase/valueFinfo[0]
/classes/ReacBase/lookupFinfo[0]
/classes/ReacBase/sharedFinfo[0]
/classes/ReacBase/fieldElementFinfo[0]
/classes/RectPanel
/classes/RectPanel/srcFinfo[0]
/classes/RectPanel/destFinfo[0]
/classes/RectPanel/valueFinfo[0]
/classes/RectPanel/lookupFinfo[0]
/classes/RectPanel/sharedFinfo[0]
/classes/RectPanel/fieldElementFinfo[0]
/classes/ReduceMsg
/classes/ReduceMsg/srcFinfo[0]
/classes/ReduceMsg/destFinfo[0]
/classes/ReduceMsg/valueFinfo[0]
/classes/ReduceMsg/lookupFinfo[0]
/classes/ReduceMsg/sharedFinfo[0]
/classes/ReduceMsg/fieldElementFinfo[0]
/classes/Shell
/classes/Shell/srcFinfo[0]
/classes/Shell/destFinfo[0]
/classes/Shell/valueFinfo[0]
/classes/Shell/lookupFinfo[0]
/classes/Shell/sharedFinfo[0]
/classes/Shell/fieldElementFinfo[0]
/classes/SimManager
/classes/SimManager/srcFinfo[0]
/classes/SimManager/destFinfo[0]
/classes/SimManager/valueFinfo[0]
/classes/SimManager/lookupFinfo[0]
/classes/SimManager/sharedFinfo[0]
/classes/SimManager/fieldElementFinfo[0]
/classes/SingleMsg
/classes/SingleMsg/srcFinfo[0]
/classes/SingleMsg/destFinfo[0]
/classes/SingleMsg/valueFinfo[0]
/classes/SingleMsg/lookupFinfo[0]
/classes/SingleMsg/sharedFinfo[0]
/classes/SingleMsg/fieldElementFinfo[0]
/classes/SolverBase
/classes/SolverBase/srcFinfo[0]
/classes/SolverBase/destFinfo[0]
/classes/SolverBase/valueFinfo[0]
/classes/SolverBase/lookupFinfo[0]
/classes/SolverBase/sharedFinfo[0]
/classes/SolverBase/fieldElementFinfo[0]
/classes/SolverJunction
/classes/SolverJunction/srcFinfo[0]
/classes/SolverJunction/destFinfo[0]
/classes/SolverJunction/valueFinfo[0]
/classes/SolverJunction/lookupFinfo[0]
/classes/SolverJunction/sharedFinfo[0]
/classes/SolverJunction/fieldElementFinfo[0]
/classes/SparseMsg
/classes/SparseMsg/srcFinfo[0]
/classes/SparseMsg/destFinfo[0]
/classes/SparseMsg/valueFinfo[0]
/classes/SparseMsg/lookupFinfo[0]
/classes/SparseMsg/sharedFinfo[0]
/classes/SparseMsg/fieldElementFinfo[0]
/classes/Species
/classes/Species/srcFinfo[0]
/classes/Species/destFinfo[0]
/classes/Species/valueFinfo[0]
/classes/Species/lookupFinfo[0]
/classes/Species/sharedFinfo[0]
/classes/Species/fieldElementFinfo[0]
/classes/SpherePanel
/classes/SpherePanel/srcFinfo[0]
/classes/SpherePanel/destFinfo[0]
/classes/SpherePanel/valueFinfo[0]
/classes/SpherePanel/lookupFinfo[0]
/classes/SpherePanel/sharedFinfo[0]
/classes/SpherePanel/fieldElementFinfo[0]
/classes/SpikeGen
/classes/SpikeGen/srcFinfo[0]
/classes/SpikeGen/destFinfo[0]
/classes/SpikeGen/valueFinfo[0]
/classes/SpikeGen/lookupFinfo[0]
/classes/SpikeGen/sharedFinfo[0]
/classes/SpikeGen/fieldElementFinfo[0]
/classes/SpineMesh
/classes/SpineMesh/srcFinfo[0]
/classes/SpineMesh/destFinfo[0]
/classes/SpineMesh/valueFinfo[0]
/classes/SpineMesh/lookupFinfo[0]
/classes/SpineMesh/sharedFinfo[0]
/classes/SpineMesh/fieldElementFinfo[0]
/classes/Stats
/classes/Stats/srcFinfo[0]
/classes/Stats/destFinfo[0]
/classes/Stats/valueFinfo[0]
/classes/Stats/lookupFinfo[0]
/classes/Stats/sharedFinfo[0]
/classes/Stats/fieldElementFinfo[0]
/classes/StimulusTable
/classes/StimulusTable/srcFinfo[0]
/classes/StimulusTable/destFinfo[0]
/classes/StimulusTable/valueFinfo[0]
/classes/StimulusTable/lookupFinfo[0]
/classes/StimulusTable/sharedFinfo[0]
/classes/StimulusTable/fieldElementFinfo[0]
/classes/Stoich
/classes/Stoich/srcFinfo[0]
/classes/Stoich/destFinfo[0]
/classes/Stoich/valueFinfo[0]
/classes/Stoich/lookupFinfo[0]
/classes/Stoich/sharedFinfo[0]
/classes/Stoich/fieldElementFinfo[0]
/classes/SumFunc
/classes/SumFunc/srcFinfo[0]
/classes/SumFunc/destFinfo[0]
/classes/SumFunc/valueFinfo[0]
/classes/SumFunc/lookupFinfo[0]
/classes/SumFunc/sharedFinfo[0]
/classes/SumFunc/fieldElementFinfo[0]
/classes/Surface
/classes/Surface/srcFinfo[0]
/classes/Surface/destFinfo[0]
/classes/Surface/valueFinfo[0]
/classes/Surface/lookupFinfo[0]
/classes/Surface/sharedFinfo[0]
/classes/Surface/fieldElementFinfo[0]
/classes/SymCompartment
/classes/SymCompartment/srcFinfo[0]
/classes/SymCompartment/destFinfo[0]
/classes/SymCompartment/valueFinfo[0]
/classes/SymCompartment/lookupFinfo[0]
/classes/SymCompartment/sharedFinfo[0]
/classes/SymCompartment/fieldElementFinfo[0]
/classes/SynBase
/classes/SynBase/srcFinfo[0]
/classes/SynBase/destFinfo[0]
/classes/SynBase/valueFinfo[0]
/classes/SynBase/lookupFinfo[0]
/classes/SynBase/sharedFinfo[0]
/classes/SynBase/fieldElementFinfo[0]
/classes/SynChan
/classes/SynChan/srcFinfo[0]
/classes/SynChan/destFinfo[0]
/classes/SynChan/valueFinfo[0]
/classes/SynChan/lookupFinfo[0]
/classes/SynChan/sharedFinfo[0]
/classes/SynChan/fieldElementFinfo[0]
/classes/SynChanBase
/classes/SynChanBase/srcFinfo[0]
/classes/SynChanBase/destFinfo[0]
/classes/SynChanBase/valueFinfo[0]
/classes/SynChanBase/lookupFinfo[0]
/classes/SynChanBase/sharedFinfo[0]
/classes/SynChanBase/fieldElementFinfo[0]
/classes/Synapse
/classes/Synapse/srcFinfo[0]
/classes/Synapse/destFinfo[0]
/classes/Synapse/valueFinfo[0]
/classes/Synapse/lookupFinfo[0]
/classes/Synapse/sharedFinfo[0]
/classes/Synapse/fieldElementFinfo[0]
/classes/Table
/classes/Table/srcFinfo[0]
/classes/Table/destFinfo[0]
/classes/Table/valueFinfo[0]
/classes/Table/lookupFinfo[0]
/classes/Table/sharedFinfo[0]
/classes/Table/fieldElementFinfo[0]
/classes/TableBase
/classes/TableBase/srcFinfo[0]
/classes/TableBase/destFinfo[0]
/classes/TableBase/valueFinfo[0]
/classes/TableBase/lookupFinfo[0]
/classes/TableBase/sharedFinfo[0]
/classes/TableBase/fieldElementFinfo[0]
/classes/TableEntry
/classes/TableEntry/srcFinfo[0]
/classes/TableEntry/destFinfo[0]
/classes/TableEntry/valueFinfo[0]
/classes/TableEntry/lookupFinfo[0]
/classes/TableEntry/sharedFinfo[0]
/classes/TableEntry/fieldElementFinfo[0]
/classes/Tick
/classes/Tick/srcFinfo[0]
/classes/Tick/destFinfo[0]
/classes/Tick/valueFinfo[0]
/classes/Tick/lookupFinfo[0]
/classes/Tick/sharedFinfo[0]
/classes/Tick/fieldElementFinfo[0]
/classes/TimeTable
/classes/TimeTable/srcFinfo[0]
/classes/TimeTable/destFinfo[0]
/classes/TimeTable/valueFinfo[0]
/classes/TimeTable/lookupFinfo[0]
/classes/TimeTable/sharedFinfo[0]
/classes/TimeTable/fieldElementFinfo[0]
/classes/TriPanel
/classes/TriPanel/srcFinfo[0]
/classes/TriPanel/destFinfo[0]
/classes/TriPanel/valueFinfo[0]
/classes/TriPanel/lookupFinfo[0]
/classes/TriPanel/sharedFinfo[0]
/classes/TriPanel/fieldElementFinfo[0]
/classes/VClamp
/classes/VClamp/srcFinfo[0]
/classes/VClamp/destFinfo[0]
/classes/VClamp/valueFinfo[0]
/classes/VClamp/lookupFinfo[0]
/classes/VClamp/sharedFinfo[0]
/classes/VClamp/fieldElementFinfo[0]
/classes/VectorTable
/classes/VectorTable/srcFinfo[0]
/classes/VectorTable/destFinfo[0]
/classes/VectorTable/valueFinfo[0]
/classes/VectorTable/lookupFinfo[0]
/classes/VectorTable/sharedFinfo[0]
/classes/VectorTable/fieldElementFinfo[0]
/classes/ZBufPool
/classes/ZBufPool/srcFinfo[0]
/classes/ZBufPool/destFinfo[0]
/classes/ZBufPool/valueFinfo[0]
/classes/ZBufPool/lookupFinfo[0]
/classes/ZBufPool/sharedFinfo[0]
/classes/ZBufPool/fieldElementFinfo[0]
/classes/ZEnz
/classes/ZEnz/srcFinfo[0]
/classes/ZEnz/destFinfo[0]
/classes/ZEnz/valueFinfo[0]
/classes/ZEnz/lookupFinfo[0]
/classes/ZEnz/sharedFinfo[0]
/classes/ZEnz/fieldElementFinfo[0]
/classes/ZFuncPool
/classes/ZFuncPool/srcFinfo[0]
/classes/ZFuncPool/destFinfo[0]
/classes/ZFuncPool/valueFinfo[0]
/classes/ZFuncPool/lookupFinfo[0]
/classes/ZFuncPool/sharedFinfo[0]
/classes/ZFuncPool/fieldElementFinfo[0]
/classes/ZMMenz
/classes/ZMMenz/srcFinfo[0]
/classes/ZMMenz/destFinfo[0]
/classes/ZMMenz/valueFinfo[0]
/classes/ZMMenz/lookupFinfo[0]
/classes/ZMMenz/sharedFinfo[0]
/classes/ZMMenz/fieldElementFinfo[0]
/classes/ZPool
/classes/ZPool/srcFinfo[0]
/classes/ZPool/destFinfo[0]
/classes/ZPool/valueFinfo[0]
/classes/ZPool/lookupFinfo[0]
/classes/ZPool/sharedFinfo[0]
/classes/ZPool/fieldElementFinfo[0]
/classes/ZReac
/classes/ZReac/srcFinfo[0]
/classes/ZReac/destFinfo[0]
/classes/ZReac/valueFinfo[0]
/classes/ZReac/lookupFinfo[0]
/classes/ZReac/sharedFinfo[0]
/classes/ZReac/fieldElementFinfo[0]
/classes/ZombieBufPool
/classes/ZombieBufPool/srcFinfo[0]
/classes/ZombieBufPool/destFinfo[0]
/classes/ZombieBufPool/valueFinfo[0]
/classes/ZombieBufPool/lookupFinfo[0]
/classes/ZombieBufPool/sharedFinfo[0]
/classes/ZombieBufPool/fieldElementFinfo[0]
/classes/ZombieCaConc
/classes/ZombieCaConc/srcFinfo[0]
/classes/ZombieCaConc/destFinfo[0]
/classes/ZombieCaConc/valueFinfo[0]
/classes/ZombieCaConc/lookupFinfo[0]
/classes/ZombieCaConc/sharedFinfo[0]
/classes/ZombieCaConc/fieldElementFinfo[0]
/classes/ZombieCompartment
/classes/ZombieCompartment/srcFinfo[0]
/classes/ZombieCompartment/destFinfo[0]
/classes/ZombieCompartment/valueFinfo[0]
/classes/ZombieCompartment/lookupFinfo[0]
/classes/ZombieCompartment/sharedFinfo[0]
/classes/ZombieCompartment/fieldElementFinfo[0]
/classes/ZombieEnz
/classes/ZombieEnz/srcFinfo[0]
/classes/ZombieEnz/destFinfo[0]
/classes/ZombieEnz/valueFinfo[0]
/classes/ZombieEnz/lookupFinfo[0]
/classes/ZombieEnz/sharedFinfo[0]
/classes/ZombieEnz/fieldElementFinfo[0]
/classes/ZombieFuncPool
/classes/ZombieFuncPool/srcFinfo[0]
/classes/ZombieFuncPool/destFinfo[0]
/classes/ZombieFuncPool/valueFinfo[0]
/classes/ZombieFuncPool/lookupFinfo[0]
/classes/ZombieFuncPool/sharedFinfo[0]
/classes/ZombieFuncPool/fieldElementFinfo[0]
/classes/ZombieHHChannel
/classes/ZombieHHChannel/srcFinfo[0]
/classes/ZombieHHChannel/destFinfo[0]
/classes/ZombieHHChannel/valueFinfo[0]
/classes/ZombieHHChannel/lookupFinfo[0]
/classes/ZombieHHChannel/sharedFinfo[0]
/classes/ZombieHHChannel/fieldElementFinfo[0]
/classes/ZombieMMenz
/classes/ZombieMMenz/srcFinfo[0]
/classes/ZombieMMenz/destFinfo[0]
/classes/ZombieMMenz/valueFinfo[0]
/classes/ZombieMMenz/lookupFinfo[0]
/classes/ZombieMMenz/sharedFinfo[0]
/classes/ZombieMMenz/fieldElementFinfo[0]
/classes/ZombiePool
/classes/ZombiePool/srcFinfo[0]
/classes/ZombiePool/destFinfo[0]
/classes/ZombiePool/valueFinfo[0]
/classes/ZombiePool/lookupFinfo[0]
/classes/ZombiePool/sharedFinfo[0]
/classes/ZombiePool/fieldElementFinfo[0]
/classes/ZombieReac
/classes/ZombieReac/srcFinfo[0]
/classes/ZombieReac/destFinfo[0]
/classes/ZombieReac/valueFinfo[0]
/classes/ZombieReac/lookupFinfo[0]
/classes/ZombieReac/sharedFinfo[0]
/classes/ZombieReac/fieldElementFinfo[0]
/classes/ZombieSumFunc
/classes/ZombieSumFunc/srcFinfo[0]
/classes/ZombieSumFunc/destFinfo[0]
/classes/ZombieSumFunc/valueFinfo[0]
/classes/ZombieSumFunc/lookupFinfo[0]
/classes/ZombieSumFunc/sharedFinfo[0]
/classes/ZombieSumFunc/fieldElementFinfo[0]
/classes/testSched
/classes/testSched/srcFinfo[0]
/classes/testSched/destFinfo[0]
/classes/testSched/valueFinfo[0]
/classes/testSched/lookupFinfo[0]
/classes/testSched/sharedFinfo[0]
/classes/testSched/fieldElementFinfo[0]
/neuroml
/neuroml/cells
<<<<<<< HEAD
/neuroml/cells/SampleCell
/neuroml/cells/SampleCell/Soma(0)
/neuroml/cells/SampleCell/mainDend(1)
/neuroml/cells/SampleCell/subDend1(2)
/neuroml/cells/SampleCell/subDend2(3)
/neuroml/cells/SampleCell/subDend3(4)
/neuroml/cells/SampleCell/mainAxon(5)
/neuroml/cells/KConductance
/neuroml/cells/KConductance/gateX[0]
/neuroml/cells/KConductance/gateY[0]
/neuroml/cells/KConductance/gateZ[0]
/neuroml/cells/KConductance/ion
/neuroml/cells/SampleCell/mainDend(1)/KConductance
/neuroml/cells/SampleCell/mainDend(1)/KConductance/gateX[0]
/neuroml/cells/SampleCell/mainDend(1)/KConductance/gateY[0]
/neuroml/cells/SampleCell/mainDend(1)/KConductance/gateZ[0]
/neuroml/cells/SampleCell/mainDend(1)/KConductance/ion
/neuroml/cells/SampleCell/Soma(0)/KConductance
/neuroml/cells/SampleCell/Soma(0)/KConductance/gateX[0]
/neuroml/cells/SampleCell/Soma(0)/KConductance/gateY[0]
/neuroml/cells/SampleCell/Soma(0)/KConductance/gateZ[0]
/neuroml/cells/SampleCell/Soma(0)/KConductance/ion
/neuroml/cells/SampleCell/subDend2(3)/KConductance
/neuroml/cells/SampleCell/subDend2(3)/KConductance/gateX[0]
/neuroml/cells/SampleCell/subDend2(3)/KConductance/gateY[0]
/neuroml/cells/SampleCell/subDend2(3)/KConductance/gateZ[0]
/neuroml/cells/SampleCell/subDend2(3)/KConductance/ion
/neuroml/cells/SampleCell/subDend1(2)/KConductance
/neuroml/cells/SampleCell/subDend1(2)/KConductance/gateX[0]
/neuroml/cells/SampleCell/subDend1(2)/KConductance/gateY[0]
/neuroml/cells/SampleCell/subDend1(2)/KConductance/gateZ[0]
/neuroml/cells/SampleCell/subDend1(2)/KConductance/ion
/neuroml/cells/SampleCell/mainAxon(5)/KConductance
/neuroml/cells/SampleCell/mainAxon(5)/KConductance/gateX[0]
/neuroml/cells/SampleCell/mainAxon(5)/KConductance/gateY[0]
/neuroml/cells/SampleCell/mainAxon(5)/KConductance/gateZ[0]
/neuroml/cells/SampleCell/mainAxon(5)/KConductance/ion
/neuroml/cells/SampleCell/subDend3(4)/KConductance
/neuroml/cells/SampleCell/subDend3(4)/KConductance/gateX[0]
/neuroml/cells/SampleCell/subDend3(4)/KConductance/gateY[0]
/neuroml/cells/SampleCell/subDend3(4)/KConductance/gateZ[0]
/neuroml/cells/SampleCell/subDend3(4)/KConductance/ion
/neuroml/cells/NaConductance
/neuroml/cells/NaConductance/gateX[0]
/neuroml/cells/NaConductance/gateY[0]
/neuroml/cells/NaConductance/gateZ[0]
/neuroml/cells/NaConductance/ion
/neuroml/cells/SampleCell/mainDend(1)/NaConductance
/neuroml/cells/SampleCell/mainDend(1)/NaConductance/gateX[0]
/neuroml/cells/SampleCell/mainDend(1)/NaConductance/gateY[0]
/neuroml/cells/SampleCell/mainDend(1)/NaConductance/gateZ[0]
/neuroml/cells/SampleCell/mainDend(1)/NaConductance/ion
/neuroml/cells/SampleCell/Soma(0)/NaConductance
/neuroml/cells/SampleCell/Soma(0)/NaConductance/gateX[0]
/neuroml/cells/SampleCell/Soma(0)/NaConductance/gateY[0]
/neuroml/cells/SampleCell/Soma(0)/NaConductance/gateZ[0]
/neuroml/cells/SampleCell/Soma(0)/NaConductance/ion
/neuroml/cells/SampleCell/subDend2(3)/NaConductance
/neuroml/cells/SampleCell/subDend2(3)/NaConductance/gateX[0]
/neuroml/cells/SampleCell/subDend2(3)/NaConductance/gateY[0]
/neuroml/cells/SampleCell/subDend2(3)/NaConductance/gateZ[0]
/neuroml/cells/SampleCell/subDend2(3)/NaConductance/ion
/neuroml/cells/SampleCell/subDend1(2)/NaConductance
/neuroml/cells/SampleCell/subDend1(2)/NaConductance/gateX[0]
/neuroml/cells/SampleCell/subDend1(2)/NaConductance/gateY[0]
/neuroml/cells/SampleCell/subDend1(2)/NaConductance/gateZ[0]
/neuroml/cells/SampleCell/subDend1(2)/NaConductance/ion
/neuroml/cells/SampleCell/mainAxon(5)/NaConductance
/neuroml/cells/SampleCell/mainAxon(5)/NaConductance/gateX[0]
/neuroml/cells/SampleCell/mainAxon(5)/NaConductance/gateY[0]
/neuroml/cells/SampleCell/mainAxon(5)/NaConductance/gateZ[0]
/neuroml/cells/SampleCell/mainAxon(5)/NaConductance/ion
/neuroml/cells/SampleCell/subDend3(4)/NaConductance
/neuroml/cells/SampleCell/subDend3(4)/NaConductance/gateX[0]
/neuroml/cells/SampleCell/subDend3(4)/NaConductance/gateY[0]
/neuroml/cells/SampleCell/subDend3(4)/NaConductance/gateZ[0]
/neuroml/cells/SampleCell/subDend3(4)/NaConductance/ion
/neuroml/electrical
/neuroml/electrical/pulsegen_SampleIClamp
/neuroml/electrical/iclamp_SampleIClamp
=======
/neuroml/cells/SimpleCell
/neuroml/cells/SimpleCell/Soma(0)
/neuroml/cells/SimpleCell/Dendrite(1)
>>>>>>> 159082b3dbaf6c38692379716a69e3b445edfbe5
/mumbl
/mumbl/Chemical
/mumbl/Electrical
/mumbl/Adaptor
/mumbl/Chemical/Compartment
/mumbl/Chemical/Compartment/calcium
/mumbl/Chemical/Compartment/calcium/mesh[0]
/mumbl/Chemical/Compartment/calcium/boundary[0]
/mumbl/Chemical/Compartment/calcium/ca
/mumbl/Chemical/Compartment/calcium/stoich
/mumbl/Chemical/Compartment/calcium/stoich/junction[0]
/mumbl/Chemical/Compartment/calcium/Ca
/mumbl/Adaptor/adapt1
<<<<<<< HEAD
/neuroml/cells/SampleCell/Soma(0)/data
/neuroml/cells/SampleCell/Soma(0)/data/somaVm
/neuroml/cells/SampleCell/Soma(0)/data/somaVm/table[0]
/neuroml/cells/SampleCell/Soma(0)/Gran_CaPool_98
/neuroml/cells/SampleCell/Soma(0)/Gran_CaPool_98/data
/neuroml/cells/SampleCell/Soma(0)/Gran_CaPool_98/data/somaCa
/neuroml/cells/SampleCell/Soma(0)/Gran_CaPool_98/data/somaCa/table[0]
/neuroml/cells/SampleCell/Soma(0)/Gran_KCa_98
/neuroml/cells/SampleCell/Soma(0)/Gran_KCa_98/gateX[0]
/neuroml/cells/SampleCell/Soma(0)/Gran_KCa_98/gateY[0]
/neuroml/cells/SampleCell/Soma(0)/Gran_KCa_98/gateZ[0]
/neuroml/cells/SampleCell/Soma(0)/Gran_KCa_98/data
/neuroml/cells/SampleCell/Soma(0)/Gran_KCa_98/data/somaGk
/neuroml/cells/SampleCell/Soma(0)/Gran_KCa_98/data/somaGk/table[0]
/neuroml/cells/SampleCell/solve
=======
/neuroml/cells/SimpleCell/Soma(0)/data
/neuroml/cells/SimpleCell/Soma(0)/data/somaVm
/neuroml/cells/SimpleCell/Soma(0)/data/somaVm/table[0]
/neuroml/cells/SimpleCell/Soma(0)/Gran_CaPool_98
/neuroml/cells/SimpleCell/Soma(0)/Gran_CaPool_98/data
/neuroml/cells/SimpleCell/Soma(0)/Gran_CaPool_98/data/somaCa
/neuroml/cells/SimpleCell/Soma(0)/Gran_CaPool_98/data/somaCa/table[0]
/neuroml/cells/SimpleCell/Soma(0)/Gran_KCa_98
/neuroml/cells/SimpleCell/Soma(0)/Gran_KCa_98/gateX[0]
/neuroml/cells/SimpleCell/Soma(0)/Gran_KCa_98/gateY[0]
/neuroml/cells/SimpleCell/Soma(0)/Gran_KCa_98/gateZ[0]
/neuroml/cells/SimpleCell/Soma(0)/Gran_KCa_98/data
/neuroml/cells/SimpleCell/Soma(0)/Gran_KCa_98/data/somaGk
/neuroml/cells/SimpleCell/Soma(0)/Gran_KCa_98/data/somaGk/table[0]
/neuroml/electrical
/neuroml/cells/SimpleCell/solve
>>>>>>> 159082b3dbaf6c38692379716a69e3b445edfbe5
